INFO:root:darwin
INFO:root:will call a 'make re' command
INFO:root:make re
WARNING:root:stderr
utils.c:3:42: warning: unused parameter 'vm' [-Wunused-parameter]
void    show_byte(unsigned char byte, t_vm *vm)
                                            ^
utils.c:20:26: warning: unused parameter 'byte' [-Wunused-parameter]
void    nthng(unsigned char byte, t_vm *vm)
                            ^
utils.c:20:38: warning: unused parameter 'vm' [-Wunused-parameter]
void    nthng(unsigned char byte, t_vm *vm)
                                        ^
3 warnings generated.
init.c:34:8: warning: comparison of integers of different signs: 'int' and 'unsigned int' [-Wsign-compare]
        if (i != vm->current->cs)
            ~ ^  ~~~~~~~~~~~~~~~
1 warning generated.
error_handler.c:3:23: warning: unused parameter 'error' [-Wunused-parameter]
int error_handler(int error, t_vm *vm)
                      ^
error_handler.c:3:36: warning: unused parameter 'vm' [-Wunused-parameter]
int error_handler(int error, t_vm *vm)
                                   ^
2 warnings generated.

INFO:root:path to given corewar executable:./mac-os-vm-champ/corewar
INFO:root:path to given asm executable:./mac-os-vm-champ/asm
INFO:root:path to our corewar executable:./corewar
INFO:root:path to our asm executable:./asm
INFO:root:start at: 24
INFO:root:end at: 25
INFO:root:players: cor-mac/vb_wiki_asm.cor
INFO:root:--------Cicle #24--------
INFO:root:./corewar -dump 24 cor-mac/vb_wiki_asm.cor
INFO:root:./mac-os-vm-champ/corewar -d 24 cor-mac/vb_wiki_asm.cor
INFO:root:Strings number 0 equals
INFO:root:Strings number 1 equals
INFO:root:Strings number 2 equals
INFO:root:Strings number 3 equals
INFO:root:Strings number 4 equals
INFO:root:Strings number 5 equals
INFO:root:Strings number 6 equals
INFO:root:Strings number 7 equals
INFO:root:Strings number 8 equals
INFO:root:Strings number 9 equals
INFO:root:Strings number 10 equals
INFO:root:Strings number 11 equals
INFO:root:Strings number 12 equals
INFO:root:Strings number 13 equals
INFO:root:Strings number 14 equals
INFO:root:Strings number 15 equals
INFO:root:Strings number 16 equals
INFO:root:Strings number 17 equals
INFO:root:Strings number 18 equals
INFO:root:Strings number 19 equals
INFO:root:Strings number 20 equals
INFO:root:Strings number 21 equals
INFO:root:Strings number 22 equals
INFO:root:Strings number 23 equals
INFO:root:Strings number 24 equals
INFO:root:Strings number 25 equals
INFO:root:Strings number 26 equals
INFO:root:Strings number 27 equals
INFO:root:Strings number 28 equals
INFO:root:Strings number 29 equals
INFO:root:Strings number 30 equals
INFO:root:Strings number 31 equals
INFO:root:Strings number 32 equals
INFO:root:Strings number 33 equals
INFO:root:Strings number 34 equals
INFO:root:Strings number 35 equals
INFO:root:Strings number 36 equals
INFO:root:Strings number 37 equals
INFO:root:Strings number 38 equals
INFO:root:Strings number 39 equals
INFO:root:Strings number 40 equals
INFO:root:Strings number 41 equals
INFO:root:Strings number 42 equals
INFO:root:Strings number 43 equals
INFO:root:Strings number 44 equals
INFO:root:Strings number 45 equals
INFO:root:Strings number 46 equals
INFO:root:Strings number 47 equals
INFO:root:Strings number 48 equals
INFO:root:Strings number 49 equals
INFO:root:Strings number 50 equals
INFO:root:Strings number 51 equals
INFO:root:Strings number 52 equals
INFO:root:Strings number 53 equals
INFO:root:Strings number 54 equals
INFO:root:Strings number 55 equals
INFO:root:Strings number 56 equals
INFO:root:Strings number 57 equals
INFO:root:Strings number 58 equals
INFO:root:Strings number 59 equals
INFO:root:Strings number 60 equals
INFO:root:Strings number 61 equals
INFO:root:Strings number 62 equals
INFO:root:Strings number 63 equals
INFO:root:--------Cicle #25--------
INFO:root:./corewar -dump 25 cor-mac/vb_wiki_asm.cor
INFO:root:./mac-os-vm-champ/corewar -d 25 cor-mac/vb_wiki_asm.cor
WARNING:root:Strings number 0 NOT equals
WARNING:root:our:0b68010007000101[31m0[0m[31m0[0m[31m0[0m[31m0[0m[31m0[0m[31m0[0m[31m0[0m[31m0[0m0290000000000209ffed000000000000000000000000000000000000000000000000000000000000000000000000000000000000
WARNING:root:sys:                [32mf[0m[32mf[0m[32mf[0m[32mf[0m[32mf[0m[32mf[0m[32mf[0m[32mf[0m                                                                                                        
INFO:root:Strings number 1 equals
INFO:root:Strings number 2 equals
INFO:root:Strings number 3 equals
INFO:root:Strings number 4 equals
INFO:root:Strings number 5 equals
INFO:root:Strings number 6 equals
INFO:root:Strings number 7 equals
INFO:root:Strings number 8 equals
INFO:root:Strings number 9 equals
INFO:root:Strings number 10 equals
INFO:root:Strings number 11 equals
INFO:root:Strings number 12 equals
INFO:root:Strings number 13 equals
INFO:root:Strings number 14 equals
INFO:root:Strings number 15 equals
INFO:root:Strings number 16 equals
INFO:root:Strings number 17 equals
INFO:root:Strings number 18 equals
INFO:root:Strings number 19 equals
INFO:root:Strings number 20 equals
INFO:root:Strings number 21 equals
INFO:root:Strings number 22 equals
INFO:root:Strings number 23 equals
INFO:root:Strings number 24 equals
INFO:root:Strings number 25 equals
INFO:root:Strings number 26 equals
INFO:root:Strings number 27 equals
INFO:root:Strings number 28 equals
INFO:root:Strings number 29 equals
INFO:root:Strings number 30 equals
INFO:root:Strings number 31 equals
INFO:root:Strings number 32 equals
INFO:root:Strings number 33 equals
INFO:root:Strings number 34 equals
INFO:root:Strings number 35 equals
INFO:root:Strings number 36 equals
INFO:root:Strings number 37 equals
INFO:root:Strings number 38 equals
INFO:root:Strings number 39 equals
INFO:root:Strings number 40 equals
INFO:root:Strings number 41 equals
INFO:root:Strings number 42 equals
INFO:root:Strings number 43 equals
INFO:root:Strings number 44 equals
INFO:root:Strings number 45 equals
INFO:root:Strings number 46 equals
INFO:root:Strings number 47 equals
INFO:root:Strings number 48 equals
INFO:root:Strings number 49 equals
INFO:root:Strings number 50 equals
INFO:root:Strings number 51 equals
INFO:root:Strings number 52 equals
INFO:root:Strings number 53 equals
INFO:root:Strings number 54 equals
INFO:root:Strings number 55 equals
INFO:root:Strings number 56 equals
INFO:root:Strings number 57 equals
INFO:root:Strings number 58 equals
INFO:root:Strings number 59 equals
INFO:root:Strings number 60 equals
INFO:root:Strings number 61 equals
INFO:root:Strings number 62 equals
INFO:root:Strings number 63 equals
INFO:root:make fclean
